生成启动时间为 2018/5/31 16:04:26。
     1>项目“E:\Coding\简单插入排序\简单插入排序\简单插入排序.vcxproj”在节点 2 上(build 个目标)。
     1>PrepareForBuild:
         正在创建目录“E:\Coding\简单插入排序\Debug\”。
       InitializeBuildStatus:
         正在创建“Debug\简单插入排序.unsuccessfulbuild”，因为已指定“AlwaysCreate”。
       ClCompile:
         C:\Program Files (x86)\Microsoft Visual Studio 10.0\VC\bin\CL.exe /c /ZI /nologo /W3 /WX- /Od /Oy- /D WIN32 /D _DEBUG /D _CONSOLE /D _UNICODE /D UNICODE /Gm /EHsc /RTC1 /MDd /GS /fp:precise /Zc:wchar_t /Zc:forScope /Yc"StdAfx.h" /Fp"Debug\简单插入排序.pch" /Fo"Debug\\" /Fd"Debug\vc100.pdb" /Gd /TP /analyze- /errorReport:prompt stdafx.cpp
         stdafx.cpp
         C:\Program Files (x86)\Microsoft Visual Studio 10.0\VC\bin\CL.exe /c /ZI /nologo /W3 /WX- /Od /Oy- /D WIN32 /D _DEBUG /D _CONSOLE /D _UNICODE /D UNICODE /Gm /EHsc /RTC1 /MDd /GS /fp:precise /Zc:wchar_t /Zc:forScope /Yu"StdAfx.h" /Fp"Debug\简单插入排序.pch" /Fo"Debug\\" /Fd"Debug\vc100.pdb" /Gd /TP /analyze- /errorReport:prompt "简单插入排序.cpp"
         简单插入排序.cpp
     1>e:\coding\简单插入排序\简单插入排序\简单插入排序.cpp(29): warning C4996: 'scanf': This function or variable may be unsafe. Consider using scanf_s instead. To disable deprecation, use _CRT_SECURE_NO_WARNINGS. See online help for details.
                 c:\program files (x86)\microsoft visual studio 10.0\vc\include\stdio.h(304) : 参见“scanf”的声明
       ManifestResourceCompile:
         C:\Program Files (x86)\Microsoft SDKs\Windows\v7.0A\bin\rc.exe /nologo /fo"Debug\简单插入排序.exe.embed.manifest.res" "Debug\简单插入排序_manifest.rc" 
       Link:
         C:\Program Files (x86)\Microsoft Visual Studio 10.0\VC\bin\link.exe /ERRORREPORT:PROMPT /OUT:"E:\Coding\简单插入排序\Debug\简单插入排序.exe" /INCREMENTAL /NOLOGO kernel32.lib user32.lib gdi32.lib winspool.lib comdlg32.lib advapi32.lib shell32.lib ole32.lib oleaut32.lib uuid.lib odbc32.lib odbccp32.lib /MANIFEST /ManifestFile:"Debug\简单插入排序.exe.intermediate.manifest" /MANIFESTUAC:"level='asInvoker' uiAccess='false'" /DEBUG /PDB:"E:\Coding\简单插入排序\Debug\简单插入排序.pdb" /SUBSYSTEM:CONSOLE /TLBID:1 /DYNAMICBASE /NXCOMPAT /IMPLIB:"E:\Coding\简单插入排序\Debug\简单插入排序.lib" /MACHINE:X86 "Debug\简单插入排序.exe.embed.manifest.res"
         Debug\stdafx.obj
         "Debug\简单插入排序.obj"
       Manifest:
         C:\Program Files (x86)\Microsoft SDKs\Windows\v7.0A\bin\mt.exe /nologo /verbose /out:"Debug\简单插入排序.exe.embed.manifest" /manifest "Debug\简单插入排序.exe.intermediate.manifest"
         C:\Program Files (x86)\Microsoft SDKs\Windows\v7.0A\bin\rc.exe /nologo /fo"Debug\简单插入排序.exe.embed.manifest.res" "Debug\简单插入排序_manifest.rc" 
       LinkEmbedManifest:
         C:\Program Files (x86)\Microsoft Visual Studio 10.0\VC\bin\link.exe /ERRORREPORT:PROMPT /OUT:"E:\Coding\简单插入排序\Debug\简单插入排序.exe" /INCREMENTAL /NOLOGO kernel32.lib user32.lib gdi32.lib winspool.lib comdlg32.lib advapi32.lib shell32.lib ole32.lib oleaut32.lib uuid.lib odbc32.lib odbccp32.lib /MANIFEST /ManifestFile:"Debug\简单插入排序.exe.intermediate.manifest" /MANIFESTUAC:"level='asInvoker' uiAccess='false'" /DEBUG /PDB:"E:\Coding\简单插入排序\Debug\简单插入排序.pdb" /SUBSYSTEM:CONSOLE /TLBID:1 /DYNAMICBASE /NXCOMPAT /IMPLIB:"E:\Coding\简单插入排序\Debug\简单插入排序.lib" /MACHINE:X86 "Debug\简单插入排序.exe.embed.manifest.res"
         Debug\stdafx.obj
         "Debug\简单插入排序.obj"
         简单插入排序.vcxproj -> E:\Coding\简单插入排序\Debug\简单插入排序.exe
       FinalizeBuildStatus:
         正在删除文件“Debug\简单插入排序.unsuccessfulbuild”。
         正在对“Debug\简单插入排序.lastbuildstate”执行 Touch 任务。
     1>已完成生成项目“E:\Coding\简单插入排序\简单插入排序\简单插入排序.vcxproj”(build 个目标)的操作。

生成成功。

已用时间 00:00:01.43
